d:\my documents\2016_2017_sem2\dm2240 agdev\teaching materials\week_02\practical\nyp_framework_solution\nyp_framework\base\debug\vc120.pdb
d:\my documents\2016_2017_sem2\dm2240 agdev\teaching materials\week_02\practical\nyp_framework_solution\nyp_framework\base\debug\vc120.idb
d:\my documents\2016_2017_sem2\dm2240 agdev\teaching materials\week_02\practical\nyp_framework_solution\nyp_framework\base\debug\application.obj
d:\my documents\2016_2017_sem2\dm2240 agdev\teaching materials\week_02\practical\nyp_framework_solution\nyp_framework\base\debug\entitymanager.obj
d:\my documents\2016_2017_sem2\dm2240 agdev\teaching materials\week_02\practical\nyp_framework_solution\nyp_framework\base\debug\fpscamera.obj
d:\my documents\2016_2017_sem2\dm2240 agdev\teaching materials\week_02\practical\nyp_framework_solution\nyp_framework\base\debug\genericentity.obj
d:\my documents\2016_2017_sem2\dm2240 agdev\teaching materials\week_02\practical\nyp_framework_solution\nyp_framework\base\debug\groundentity.obj
d:\my documents\2016_2017_sem2\dm2240 agdev\teaching materials\week_02\practical\nyp_framework_solution\nyp_framework\base\debug\light.obj
d:\my documents\2016_2017_sem2\dm2240 agdev\teaching materials\week_02\practical\nyp_framework_solution\nyp_framework\base\debug\main.obj
d:\my documents\2016_2017_sem2\dm2240 agdev\teaching materials\week_02\practical\nyp_framework_solution\nyp_framework\base\debug\objmesh.obj
d:\my documents\2016_2017_sem2\dm2240 agdev\teaching materials\week_02\practical\nyp_framework_solution\nyp_framework\base\debug\playerinfo.obj
d:\my documents\2016_2017_sem2\dm2240 agdev\teaching materials\week_02\practical\nyp_framework_solution\nyp_framework\base\debug\projectile.obj
d:\my documents\2016_2017_sem2\dm2240 agdev\teaching materials\week_02\practical\nyp_framework_solution\nyp_framework\base\debug\scenetext.obj
d:\my documents\2016_2017_sem2\dm2240 agdev\teaching materials\week_02\practical\nyp_framework_solution\nyp_framework\base\debug\skyboxentity.obj
d:\my documents\2016_2017_sem2\dm2240 agdev\teaching materials\week_02\practical\nyp_framework_solution\nyp_framework\base\debug\spriteentity.obj
d:\my documents\2016_2017_sem2\dm2240 agdev\teaching materials\week_02\practical\nyp_framework_solution\nyp_framework\base\debug\textentity.obj
d:\my documents\2016_2017_sem2\dm2240 agdev\teaching materials\week_02\practical\nyp_framework_solution\nyp_framework\base\debug\pistol.obj
d:\my documents\2016_2017_sem2\dm2240 agdev\teaching materials\week_02\practical\nyp_framework_solution\nyp_framework\base\debug\weaponinfo.obj
d:\my documents\2016_2017_sem2\dm2240 agdev\teaching materials\week_02\practical\nyp_framework_solution\nyp_framework\debug\base.exe
d:\my documents\2016_2017_sem2\dm2240 agdev\teaching materials\week_02\practical\nyp_framework_solution\nyp_framework\debug\base.pdb
d:\my documents\2016_2017_sem2\dm2240 agdev\teaching materials\week_02\practical\nyp_framework_solution\nyp_framework\base\debug\base.tlog\cl.command.1.tlog
d:\my documents\2016_2017_sem2\dm2240 agdev\teaching materials\week_02\practical\nyp_framework_solution\nyp_framework\base\debug\base.tlog\cl.read.1.tlog
d:\my documents\2016_2017_sem2\dm2240 agdev\teaching materials\week_02\practical\nyp_framework_solution\nyp_framework\base\debug\base.tlog\cl.write.1.tlog
d:\my documents\2016_2017_sem2\dm2240 agdev\teaching materials\week_02\practical\nyp_framework_solution\nyp_framework\base\debug\base.tlog\link.command.1.tlog
d:\my documents\2016_2017_sem2\dm2240 agdev\teaching materials\week_02\practical\nyp_framework_solution\nyp_framework\base\debug\base.tlog\link.read.1.tlog
d:\my documents\2016_2017_sem2\dm2240 agdev\teaching materials\week_02\practical\nyp_framework_solution\nyp_framework\base\debug\base.tlog\link.write.1.tlog
